e:\code\tool\zlib-1.2.11\zlib-1.2.11\bin\zlib.dir\debug\vc141.pdb
e:\code\tool\zlib-1.2.11\zlib-1.2.11\bin\zlib.dir\debug\zutil.obj
e:\code\tool\zlib-1.2.11\zlib-1.2.11\bin\zlib.dir\debug\uncompr.obj
e:\code\tool\zlib-1.2.11\zlib-1.2.11\bin\zlib.dir\debug\trees.obj
e:\code\tool\zlib-1.2.11\zlib-1.2.11\bin\zlib.dir\debug\inffast.obj
e:\code\tool\zlib-1.2.11\zlib-1.2.11\bin\zlib.dir\debug\inftrees.obj
e:\code\tool\zlib-1.2.11\zlib-1.2.11\bin\zlib.dir\debug\infback.obj
e:\code\tool\zlib-1.2.11\zlib-1.2.11\bin\zlib.dir\debug\inflate.obj
e:\code\tool\zlib-1.2.11\zlib-1.2.11\bin\zlib.dir\debug\gzwrite.obj
e:\code\tool\zlib-1.2.11\zlib-1.2.11\bin\zlib.dir\debug\gzread.obj
e:\code\tool\zlib-1.2.11\zlib-1.2.11\bin\zlib.dir\debug\gzlib.obj
e:\code\tool\zlib-1.2.11\zlib-1.2.11\bin\zlib.dir\debug\gzclose.obj
e:\code\tool\zlib-1.2.11\zlib-1.2.11\bin\zlib.dir\debug\deflate.obj
e:\code\tool\zlib-1.2.11\zlib-1.2.11\bin\zlib.dir\debug\crc32.obj
e:\code\tool\zlib-1.2.11\zlib-1.2.11\bin\zlib.dir\debug\compress.obj
e:\code\tool\zlib-1.2.11\zlib-1.2.11\bin\zlib.dir\debug\adler32.obj
e:\code\tool\zlib-1.2.11\zlib-1.2.11\bin\cmakefiles\generate.stamp
e:\code\tool\zlib-1.2.11\zlib-1.2.11\bin\debug\zlibd.ilk
e:\code\tool\zlib-1.2.11\zlib-1.2.11\bin\debug\zlibd.dll
e:\code\tool\zlib-1.2.11\zlib-1.2.11\bin\debug\zlibd.pdb
e:\code\tool\zlib-1.2.11\zlib-1.2.11\bin\zlib.dir\debug\zlib1.res
e:\code\tool\zlib-1.2.11\zlib-1.2.11\bin\debug\zlibd.lib
e:\code\tool\zlib-1.2.11\zlib-1.2.11\bin\debug\zlibd.exp
e:\code\tool\zlib-1.2.11\zlib-1.2.11\bin\zlib.dir\debug\zlib.tlog\cl.command.1.tlog
e:\code\tool\zlib-1.2.11\zlib-1.2.11\bin\zlib.dir\debug\zlib.tlog\cl.read.1.tlog
e:\code\tool\zlib-1.2.11\zlib-1.2.11\bin\zlib.dir\debug\zlib.tlog\cl.write.1.tlog
e:\code\tool\zlib-1.2.11\zlib-1.2.11\bin\zlib.dir\debug\zlib.tlog\custombuild.command.1.tlog
e:\code\tool\zlib-1.2.11\zlib-1.2.11\bin\zlib.dir\debug\zlib.tlog\custombuild.read.1.tlog
e:\code\tool\zlib-1.2.11\zlib-1.2.11\bin\zlib.dir\debug\zlib.tlog\custombuild.write.1.tlog
e:\code\tool\zlib-1.2.11\zlib-1.2.11\bin\zlib.dir\debug\zlib.tlog\link.command.1.tlog
e:\code\tool\zlib-1.2.11\zlib-1.2.11\bin\zlib.dir\debug\zlib.tlog\link.read.1.tlog
e:\code\tool\zlib-1.2.11\zlib-1.2.11\bin\zlib.dir\debug\zlib.tlog\link.write.1.tlog
e:\code\tool\zlib-1.2.11\zlib-1.2.11\bin\zlib.dir\debug\zlib.tlog\rc.command.1.tlog
e:\code\tool\zlib-1.2.11\zlib-1.2.11\bin\zlib.dir\debug\zlib.tlog\rc.read.1.tlog
e:\code\tool\zlib-1.2.11\zlib-1.2.11\bin\zlib.dir\debug\zlib.tlog\rc.write.1.tlog
e:\code\tool\zlib-1.2.11\zlib-1.2.11\bin\zlib.dir\debug\zlib.tlog\zlib.write.1u.tlog
