e:\code\tool\zlib-1.2.11\zlib-1.2.11\bin\zlibstatic.dir\debug\zlibstatic.pdb
e:\code\tool\zlib-1.2.11\zlib-1.2.11\bin\zlibstatic.dir\debug\zutil.obj
e:\code\tool\zlib-1.2.11\zlib-1.2.11\bin\zlibstatic.dir\debug\uncompr.obj
e:\code\tool\zlib-1.2.11\zlib-1.2.11\bin\zlibstatic.dir\debug\trees.obj
e:\code\tool\zlib-1.2.11\zlib-1.2.11\bin\zlibstatic.dir\debug\inffast.obj
e:\code\tool\zlib-1.2.11\zlib-1.2.11\bin\zlibstatic.dir\debug\inftrees.obj
e:\code\tool\zlib-1.2.11\zlib-1.2.11\bin\zlibstatic.dir\debug\infback.obj
e:\code\tool\zlib-1.2.11\zlib-1.2.11\bin\zlibstatic.dir\debug\inflate.obj
e:\code\tool\zlib-1.2.11\zlib-1.2.11\bin\zlibstatic.dir\debug\gzwrite.obj
e:\code\tool\zlib-1.2.11\zlib-1.2.11\bin\zlibstatic.dir\debug\gzread.obj
e:\code\tool\zlib-1.2.11\zlib-1.2.11\bin\zlibstatic.dir\debug\gzlib.obj
e:\code\tool\zlib-1.2.11\zlib-1.2.11\bin\zlibstatic.dir\debug\gzclose.obj
e:\code\tool\zlib-1.2.11\zlib-1.2.11\bin\zlibstatic.dir\debug\deflate.obj
e:\code\tool\zlib-1.2.11\zlib-1.2.11\bin\zlibstatic.dir\debug\crc32.obj
e:\code\tool\zlib-1.2.11\zlib-1.2.11\bin\zlibstatic.dir\debug\compress.obj
e:\code\tool\zlib-1.2.11\zlib-1.2.11\bin\zlibstatic.dir\debug\adler32.obj
e:\code\tool\zlib-1.2.11\zlib-1.2.11\bin\cmakefiles\generate.stamp
e:\code\tool\zlib-1.2.11\zlib-1.2.11\bin\debug\zlibstaticd.lib
e:\code\tool\zlib-1.2.11\zlib-1.2.11\bin\zlibstatic.dir\debug\zlibstatic.tlog\cl.command.1.tlog
e:\code\tool\zlib-1.2.11\zlib-1.2.11\bin\zlibstatic.dir\debug\zlibstatic.tlog\cl.read.1.tlog
e:\code\tool\zlib-1.2.11\zlib-1.2.11\bin\zlibstatic.dir\debug\zlibstatic.tlog\cl.write.1.tlog
e:\code\tool\zlib-1.2.11\zlib-1.2.11\bin\zlibstatic.dir\debug\zlibstatic.tlog\custombuild.command.1.tlog
e:\code\tool\zlib-1.2.11\zlib-1.2.11\bin\zlibstatic.dir\debug\zlibstatic.tlog\custombuild.read.1.tlog
e:\code\tool\zlib-1.2.11\zlib-1.2.11\bin\zlibstatic.dir\debug\zlibstatic.tlog\custombuild.write.1.tlog
e:\code\tool\zlib-1.2.11\zlib-1.2.11\bin\zlibstatic.dir\debug\zlibstatic.tlog\lib-link.read.1.tlog
e:\code\tool\zlib-1.2.11\zlib-1.2.11\bin\zlibstatic.dir\debug\zlibstatic.tlog\lib-link.write.1.tlog
e:\code\tool\zlib-1.2.11\zlib-1.2.11\bin\zlibstatic.dir\debug\zlibstatic.tlog\lib.command.1.tlog
