  已复制         1 个文件。
  pngerror.c
  png.c
  pngget.c
  pngmem.c
  pngpread.c
  pngread.c
  pngrio.c
  pngrtran.c
  pngrutil.c
  pngset.c
  pngtrans.c
  pngwio.c
  pngwrite.c
  pngwtran.c
  pngwutil.c
  正在生成代码...
C:\Program Files (x86)\Microsoft Visual Studio\2017\Community\Common7\IDE\VC\VCTargets\Microsoft.CppBuild.targets(1216,5): warning MSB8012: TargetPath(E:\Code\Tool\lpng1637\lpng1637\projects\visualc71\.\Win32_DLL_Debug\libpng.dll) 与 Linker 的 OutputFile 属性值(E:\Code\Tool\lpng1637\lpng1637\projects\visualc71\Win32_DLL_Debug\libpng16d.dll)不匹配。这可能导致项目生成不正确。若要更正此问题，请确保 $(OutDir)、$(TargetName) 和 $(TargetExt) 属性值与 %(Link.OutputFile) 中指定的值匹配。
C:\Program Files (x86)\Microsoft Visual Studio\2017\Community\Common7\IDE\VC\VCTargets\Microsoft.CppBuild.targets(1218,5): warning MSB8012: TargetName(libpng) 与 Linker 的 OutputFile 属性值(libpng16d)不匹配。这可能导致项目生成不正确。若要更正此问题，请确保 $(OutDir)、$(TargetName) 和 $(TargetExt) 属性值与 %(Link.OutputFile) 中指定的值匹配。
png.obj : warning LNK4075: 忽略“/EDITANDCONTINUE”(由于“/SAFESEH”规范)
    正在创建库 .\Win32_DLL_Debug\libpng.lib 和对象 .\Win32_DLL_Debug\libpng.exp
  libpng.vcxproj -> E:\Code\Tool\lpng1637\lpng1637\projects\visualc71\.\Win32_DLL_Debug\libpng.dll
